0 verbose cli C:\Program Files\nodejs\node.exe C:\Program Files\nodejs\node_modules\npm\bin\npm-cli.js
1 info using npm@11.9.0
2 info using node@v24.14.0
3 silly config load:file:C:\Program Files\nodejs\node_modules\npm\npmrc
4 silly config load:file:D:\Desktop\resumae-analyser\.npmrc
5 silly config load:file:C:\Users\user\.npmrc
6 silly config load:file:C:\Users\user\AppData\Roaming\npm\etc\npmrc
7 verbose title npm dedupe
8 verbose argv "dedupe" "--cache" ".\\.npm-cache"
9 verbose logfile logs-max:10 dir:D:\Desktop\resumae-analyser\.npm-cache\_logs\2026-06-07T18_09_36_997Z-
10 verbose logfile D:\Desktop\resumae-analyser\.npm-cache\_logs\2026-06-07T18_09_36_997Z-debug-0.log
11 silly logfile done cleaning log files
12 silly packumentCache heap:2348810240 maxSize:587202560 maxEntrySize:293601280
13 silly idealTree buildDeps
14 silly fetch manifest kysely@0.28.8
15 silly packumentCache full:https://registry.npmjs.org/kysely cache-miss
16 verbose shrinkwrap failed to load node_modules/.package-lock.json out of date, updated: node_modules/next
17 http cache https://registry.npmjs.org/kysely 255ms (cache hit)
18 silly packumentCache full:https://registry.npmjs.org/kysely set size:695713 disposed:false
19 silly placeDep ROOT kysely@0.28.8 KEEP for: resumae-analyser@0.1.0 want: 0.28.8
20 silly fetch manifest debug@^4.1.0
21 silly packumentCache full:https://registry.npmjs.org/debug cache-miss
22 http fetch GET 200 https://registry.npmjs.org/debug 1876ms (cache miss)
23 silly packumentCache full:https://registry.npmjs.org/debug set size:undefined disposed:false
24 silly fetch manifest json5@^2.2.3
25 silly packumentCache full:https://registry.npmjs.org/json5 cache-miss
26 http fetch GET 200 https://registry.npmjs.org/json5 458ms (cache miss)
27 silly packumentCache full:https://registry.npmjs.org/json5 set size:undefined disposed:false
28 silly fetch manifest semver@^6.3.1
29 silly packumentCache full:https://registry.npmjs.org/semver cache-miss
30 http fetch GET 200 https://registry.npmjs.org/semver 450ms (cache miss)
31 silly packumentCache full:https://registry.npmjs.org/semver set size:undefined disposed:false
32 silly placeDep ROOT debug@4.4.3 KEEP for: @babel/core@7.29.7 want: ^4.1.0
33 silly placeDep ROOT json5@2.2.3 KEEP for: @babel/core@7.29.7 want: ^2.2.3
34 silly placeDep ROOT semver@6.3.1 KEEP for: @babel/core@7.29.7 want: ^6.3.1
35 silly placeDep ROOT semver@6.3.1 KEEP for: @babel/helper-compilation-targets@7.29.7 want: ^6.3.1
36 silly fetch manifest debug@^4.3.1
37 silly packumentCache full:https://registry.npmjs.org/debug cache-miss
38 http cache https://registry.npmjs.org/debug 129ms (cache hit)
39 silly packumentCache full:https://registry.npmjs.org/debug set size:195840 disposed:false
40 silly placeDep ROOT debug@4.4.3 KEEP for: @babel/traverse@7.29.7 want: ^4.3.1
41 silly placeDep ROOT kysely@0.28.8 KEEP for: @better-auth/core@1.6.14 want: 0.28.8
42 silly fetch manifest eslint-visitor-keys@^3.4.3
43 silly packumentCache full:https://registry.npmjs.org/eslint-visitor-keys cache-miss
44 http fetch GET 200 https://registry.npmjs.org/eslint-visitor-keys 385ms (cache miss)
45 silly packumentCache full:https://registry.npmjs.org/eslint-visitor-keys set size:undefined disposed:false
46 silly placeDep node_modules/@eslint-community/eslint-utils eslint-visitor-keys@3.4.3 KEEP for: @eslint-community/eslint-utils@4.9.1 want: ^3.4.3
47 silly fetch manifest minimatch@^3.1.5
48 silly packumentCache full:https://registry.npmjs.org/minimatch cache-miss
49 http fetch GET 200 https://registry.npmjs.org/minimatch 257ms (cache miss)
50 silly packumentCache full:https://registry.npmjs.org/minimatch set size:undefined disposed:false
51 silly placeDep ROOT debug@4.4.3 KEEP for: @eslint/config-array@0.21.2 want: ^4.3.1
52 silly placeDep ROOT minimatch@3.1.5 KEEP for: @eslint/config-array@0.21.2 want: ^3.1.5
53 silly fetch manifest debug@^4.3.2
54 silly packumentCache full:https://registry.npmjs.org/debug cache-hit
55 silly fetch manifest globals@^14.0.0
56 silly packumentCache full:https://registry.npmjs.org/globals cache-miss
57 http fetch GET 200 https://registry.npmjs.org/globals 118ms (cache miss)
58 silly packumentCache full:https://registry.npmjs.org/globals set size:undefined disposed:false
59 silly fetch manifest ignore@^5.2.0
60 silly packumentCache full:https://registry.npmjs.org/ignore cache-miss
61 http fetch GET 200 https://registry.npmjs.org/ignore 139ms (cache miss)
62 silly packumentCache full:https://registry.npmjs.org/ignore set size:undefined disposed:false
63 silly placeDep ROOT debug@4.4.3 KEEP for: @eslint/eslintrc@3.3.5 want: ^4.3.2
64 silly placeDep ROOT globals@14.0.0 KEEP for: @eslint/eslintrc@3.3.5 want: ^14.0.0
65 silly placeDep ROOT ignore@5.3.2 KEEP for: @eslint/eslintrc@3.3.5 want: ^5.2.0
66 silly placeDep ROOT minimatch@3.1.5 KEEP for: @eslint/eslintrc@3.3.5 want: ^3.1.5
67 silly fetch manifest postcss@^8.5.10
68 silly packumentCache full:https://registry.npmjs.org/postcss cache-miss
69 http fetch GET 200 https://registry.npmjs.org/postcss 189ms (cache miss)
70 silly packumentCache full:https://registry.npmjs.org/postcss set size:undefined disposed:false
71 silly placeDep ROOT postcss@8.5.15 KEEP for: @tailwindcss/postcss@4.3.0 want: ^8.5.10
72 silly fetch manifest ignore@^7.0.5
73 silly packumentCache full:https://registry.npmjs.org/ignore cache-miss
74 http cache https://registry.npmjs.org/ignore 101ms (cache hit)
75 silly packumentCache full:https://registry.npmjs.org/ignore set size:237380 disposed:false
76 silly placeDep node_modules/@typescript-eslint/eslint-plugin ignore@7.0.5 KEEP for: @typescript-eslint/eslint-plugin@8.60.1 want: ^7.0.5
77 silly fetch manifest debug@^4.4.3
78 silly packumentCache full:https://registry.npmjs.org/debug cache-hit
79 silly placeDep ROOT debug@4.4.3 KEEP for: @typescript-eslint/parser@8.60.1 want: ^4.4.3
80 silly placeDep ROOT debug@4.4.3 KEEP for: @typescript-eslint/project-service@8.60.1 want: ^4.4.3
81 silly placeDep ROOT debug@4.4.3 KEEP for: @typescript-eslint/type-utils@8.60.1 want: ^4.4.3
82 silly fetch manifest minimatch@^10.2.2
83 silly packumentCache full:https://registry.npmjs.org/minimatch cache-miss
84 http cache https://registry.npmjs.org/minimatch 48ms (cache hit)
85 silly packumentCache full:https://registry.npmjs.org/minimatch set size:375282 disposed:false
86 silly fetch manifest semver@^7.7.3
87 silly packumentCache full:https://registry.npmjs.org/semver cache-miss
88 http cache https://registry.npmjs.org/semver 49ms (cache hit)
89 silly packumentCache full:https://registry.npmjs.org/semver set size:238286 disposed:false
90 silly placeDep ROOT debug@4.4.3 KEEP for: @typescript-eslint/typescript-estree@8.60.1 want: ^4.4.3
91 silly placeDep node_modules/@typescript-eslint/typescript-estree minimatch@10.2.5 KEEP for: @typescript-eslint/typescript-estree@8.60.1 want: ^10.2.2
92 silly placeDep node_modules/@typescript-eslint/typescript-estree semver@7.8.2 KEEP for: @typescript-eslint/typescript-estree@8.60.1 want: ^7.7.3
93 silly fetch manifest eslint-visitor-keys@^5.0.0
94 silly packumentCache full:https://registry.npmjs.org/eslint-visitor-keys cache-miss
95 http cache https://registry.npmjs.org/eslint-visitor-keys 111ms (cache hit)
96 silly packumentCache full:https://registry.npmjs.org/eslint-visitor-keys set size:69949 disposed:false
97 silly placeDep node_modules/@typescript-eslint/visitor-keys eslint-visitor-keys@5.0.1 KEEP for: @typescript-eslint/visitor-keys@8.60.1 want: ^5.0.0
98 silly placeDep ROOT kysely@0.28.8 KEEP for: better-auth@1.6.14 want: 0.28.8
99 silly fetch manifest balanced-match@^1.0.0
100 silly packumentCache full:https://registry.npmjs.org/balanced-match cache-miss
101 http fetch GET 200 https://registry.npmjs.org/balanced-match 137ms (cache miss)
102 silly packumentCache full:https://registry.npmjs.org/balanced-match set size:undefined disposed:false
103 silly placeDep ROOT balanced-match@1.0.2 KEEP for: brace-expansion@1.1.15 want: ^1.0.0
104 silly fetch manifest eslint-visitor-keys@^4.2.1
105 silly packumentCache full:https://registry.npmjs.org/eslint-visitor-keys cache-hit
106 silly fetch manifest glob-parent@^6.0.2
107 silly packumentCache full:https://registry.npmjs.org/glob-parent cache-miss
108 http fetch GET 200 https://registry.npmjs.org/glob-parent 115ms (cache miss)
109 silly packumentCache full:https://registry.npmjs.org/glob-parent set size:undefined disposed:false
110 silly placeDep ROOT debug@4.4.3 KEEP for: eslint@9.39.4 want: ^4.3.2
111 silly placeDep ROOT eslint-visitor-keys@4.2.1 KEEP for: eslint@9.39.4 want: ^4.2.1
112 silly placeDep ROOT glob-parent@6.0.2 KEEP for: eslint@9.39.4 want: ^6.0.2
113 silly placeDep ROOT ignore@5.3.2 KEEP for: eslint@9.39.4 want: ^5.2.0
114 silly placeDep ROOT minimatch@3.1.5 KEEP for: eslint@9.39.4 want: ^3.1.5
115 silly fetch manifest globals@16.4.0
116 silly packumentCache full:https://registry.npmjs.org/globals cache-miss
117 http cache https://registry.npmjs.org/globals 12ms (cache hit)
118 silly packumentCache full:https://registry.npmjs.org/globals set size:315985 disposed:false
119 silly placeDep node_modules/eslint-config-next globals@16.4.0 KEEP for: eslint-config-next@16.2.6 want: 16.4.0
120 silly fetch manifest debug@^3.2.7
121 silly packumentCache full:https://registry.npmjs.org/debug cache-hit
122 silly placeDep node_modules/eslint-import-resolver-node debug@3.2.7 KEEP for: eslint-import-resolver-node@0.3.10 want: ^3.2.7
123 silly fetch manifest debug@^4.4.0
124 silly packumentCache full:https://registry.npmjs.org/debug cache-hit
125 silly placeDep ROOT debug@4.4.3 KEEP for: eslint-import-resolver-typescript@3.10.1 want: ^4.4.0
126 silly placeDep node_modules/eslint-module-utils debug@3.2.7 KEEP for: eslint-module-utils@2.13.0 want: ^3.2.7
127 silly fetch manifest minimatch@^3.1.2
128 silly packumentCache full:https://registry.npmjs.org/minimatch cache-hit
129 silly placeDep node_modules/eslint-plugin-import debug@3.2.7 KEEP for: eslint-plugin-import@2.32.0 want: ^3.2.7
130 silly placeDep ROOT minimatch@3.1.5 KEEP for: eslint-plugin-import@2.32.0 want: ^3.1.2
131 silly placeDep ROOT semver@6.3.1 KEEP for: eslint-plugin-import@2.32.0 want: ^6.3.1
132 silly placeDep ROOT minimatch@3.1.5 KEEP for: eslint-plugin-jsx-a11y@6.10.2 want: ^3.1.2
133 silly placeDep ROOT minimatch@3.1.5 KEEP for: eslint-plugin-react@7.37.5 want: ^3.1.2
134 silly placeDep ROOT semver@6.3.1 KEEP for: eslint-plugin-react@7.37.5 want: ^6.3.1
135 silly placeDep ROOT eslint-visitor-keys@4.2.1 KEEP for: espree@10.4.0 want: ^4.2.1
136 silly fetch manifest glob-parent@^5.1.2
137 silly packumentCache full:https://registry.npmjs.org/glob-parent cache-miss
138 http cache https://registry.npmjs.org/glob-parent 68ms (cache hit)
139 silly packumentCache full:https://registry.npmjs.org/glob-parent set size:42445 disposed:false
140 silly placeDep node_modules/fast-glob glob-parent@5.1.2 KEEP for: fast-glob@3.3.1 want: ^5.1.2
141 silly fetch manifest semver@^7.7.1
142 silly packumentCache full:https://registry.npmjs.org/semver cache-hit
143 silly placeDep node_modules/is-bun-module semver@7.8.2 KEEP for: is-bun-module@2.0.0 want: ^7.7.1
144 silly fetch manifest picomatch@^2.3.1
145 silly packumentCache full:https://registry.npmjs.org/picomatch cache-miss
146 http fetch GET 200 https://registry.npmjs.org/picomatch 153ms (cache miss)
147 silly packumentCache full:https://registry.npmjs.org/picomatch set size:undefined disposed:false
148 silly placeDep ROOT picomatch@2.3.2 KEEP for: micromatch@4.0.8 want: ^2.3.1
149 silly fetch manifest brace-expansion@^1.1.7
150 silly packumentCache full:https://registry.npmjs.org/brace-expansion cache-miss
151 http fetch GET 200 https://registry.npmjs.org/brace-expansion 145ms (cache miss)
152 silly packumentCache full:https://registry.npmjs.org/brace-expansion set size:undefined disposed:false
153 silly placeDep ROOT brace-expansion@1.1.15 KEEP for: minimatch@3.1.5 want: ^1.1.7
154 silly fetch manifest postcss@8.4.31
155 silly packumentCache full:https://registry.npmjs.org/postcss cache-miss
156 http cache https://registry.npmjs.org/postcss 9ms (cache hit)
157 silly packumentCache full:https://registry.npmjs.org/postcss set size:723316 disposed:false
158 silly fetch manifest @next/swc-win32-x64-msvc@16.2.6
159 silly packumentCache full:https://registry.npmjs.org/@next%2fswc-win32-x64-msvc cache-miss
160 http fetch GET 200 https://registry.npmjs.org/@next%2fswc-win32-x64-msvc 706ms (cache miss)
161 silly packumentCache full:https://registry.npmjs.org/@next%2fswc-win32-x64-msvc set size:undefined disposed:false
162 silly placeDep ROOT @next/swc-win32-x64-msvc@16.2.6 OK for: next@16.2.6 want: 16.2.6
163 silly placeDep node_modules/next postcss@8.4.31 KEEP for: next@16.2.6 want: 8.4.31
164 silly placeDep ROOT semver@6.3.1 KEEP for: node-exports-info@1.6.0 want: ^6.3.1
165 silly placeDep node_modules/sharp semver@7.8.2 KEEP for: sharp@0.34.5 want: ^7.7.3
166 silly fetch manifest picomatch@^4.0.4
167 silly packumentCache full:https://registry.npmjs.org/picomatch cache-miss
168 http cache https://registry.npmjs.org/picomatch 45ms (cache hit)
169 silly packumentCache full:https://registry.npmjs.org/picomatch set size:126376 disposed:false
170 silly placeDep node_modules/tinyglobby picomatch@4.0.4 KEEP for: tinyglobby@0.2.17 want: ^4.0.4
171 silly fetch manifest json5@^1.0.2
172 silly packumentCache full:https://registry.npmjs.org/json5 cache-miss
173 http cache https://registry.npmjs.org/json5 27ms (cache hit)
174 silly packumentCache full:https://registry.npmjs.org/json5 set size:86136 disposed:false
175 silly placeDep node_modules/tsconfig-paths json5@1.0.2 KEEP for: tsconfig-paths@3.15.0 want: ^1.0.2
176 silly fetch manifest balanced-match@^4.0.2
177 silly packumentCache full:https://registry.npmjs.org/balanced-match cache-miss
178 http cache https://registry.npmjs.org/balanced-match 39ms (cache hit)
179 silly packumentCache full:https://registry.npmjs.org/balanced-match set size:39082 disposed:false
180 silly placeDep node_modules/@typescript-eslint/typescript-estree balanced-match@4.0.4 KEEP for: brace-expansion@5.0.6 want: ^4.0.2
181 silly fetch manifest brace-expansion@^5.0.5
182 silly packumentCache full:https://registry.npmjs.org/brace-expansion cache-miss
183 http cache https://registry.npmjs.org/brace-expansion 33ms (cache hit)
184 silly packumentCache full:https://registry.npmjs.org/brace-expansion set size:72152 disposed:false
185 silly placeDep node_modules/@typescript-eslint/typescript-estree brace-expansion@5.0.6 KEEP for: minimatch@10.2.5 want: ^5.0.5
186 silly placeDep ROOT kysely@0.28.8 KEEP for: @better-auth/kysely-adapter@1.6.14 want: 0.28.8
187 silly fetch manifest picomatch@^3 || ^4
188 silly packumentCache full:https://registry.npmjs.org/picomatch cache-hit
189 silly placeDep node_modules/tinyglobby picomatch@4.0.4 KEEP for: fdir@6.5.0 want: ^3 || ^4
190 silly reify mark retired [
190 silly reify   'D:\\Desktop\\resumae-analyser\\node_modules\\better-auth\\node_modules\\kysely'
190 silly reify ]
191 silly reify moves {
191 silly reify   'D:\\Desktop\\resumae-analyser\\node_modules\\better-auth\\node_modules\\kysely': 'D:\\Desktop\\resumae-analyser\\node_modules\\better-auth\\node_modules\\.kysely-XaQAFmJK'
191 silly reify }
192 silly audit bulk request {
192 silly audit   '@alloc/quick-lru': [ '5.2.0' ],
192 silly audit   '@babel/code-frame': [ '7.29.7' ],
192 silly audit   '@babel/compat-data': [ '7.29.7' ],
192 silly audit   '@babel/core': [ '7.29.7' ],
192 silly audit   '@babel/generator': [ '7.29.7' ],
192 silly audit   '@babel/helper-compilation-targets': [ '7.29.7' ],
192 silly audit   '@babel/helper-globals': [ '7.29.7' ],
192 silly audit   '@babel/helper-module-imports': [ '7.29.7' ],
192 silly audit   '@babel/helper-module-transforms': [ '7.29.7' ],
192 silly audit   '@babel/helper-string-parser': [ '7.29.7' ],
192 silly audit   '@babel/helper-validator-identifier': [ '7.29.7' ],
192 silly audit   '@babel/helper-validator-option': [ '7.29.7' ],
192 silly audit   '@babel/helpers': [ '7.29.7' ],
192 silly audit   '@babel/parser': [ '7.29.7' ],
192 silly audit   '@babel/template': [ '7.29.7' ],
192 silly audit   '@babel/traverse': [ '7.29.7' ],
192 silly audit   '@babel/types': [ '7.29.7' ],
192 silly audit   '@better-auth/core': [ '1.6.14' ],
192 silly audit   '@better-auth/drizzle-adapter': [ '1.6.14' ],
192 silly audit   '@better-auth/memory-adapter': [ '1.6.14' ],
192 silly audit   '@better-auth/mongo-adapter': [ '1.6.14' ],
192 silly audit   '@better-auth/prisma-adapter': [ '1.6.14' ],
192 silly audit   '@better-auth/telemetry': [ '1.6.14' ],
192 silly audit   '@better-auth/utils': [ '0.4.1' ],
192 silly audit   '@better-fetch/fetch': [ '1.1.21' ],
192 silly audit   '@emnapi/core': [ '1.10.0' ],
192 silly audit   '@emnapi/runtime': [ '1.10.0' ],
192 silly audit   '@emnapi/wasi-threads': [ '1.2.1' ],
192 silly audit   '@eslint-community/eslint-utils': [ '4.9.1' ],
192 silly audit   'eslint-visitor-keys': [ '3.4.3', '5.0.1', '4.2.1' ],
192 silly audit   '@eslint-community/regexpp': [ '4.12.2' ],
192 silly audit   '@eslint/config-array': [ '0.21.2' ],
192 silly audit   '@eslint/config-helpers': [ '0.4.2' ],
192 silly audit   '@eslint/core': [ '0.17.0' ],
192 silly audit   '@eslint/eslintrc': [ '3.3.5' ],
192 silly audit   '@eslint/js': [ '9.39.4' ],
192 silly audit   '@eslint/object-schema': [ '2.1.7' ],
192 silly audit   '@eslint/plugin-kit': [ '0.4.1' ],
192 silly audit   '@humanfs/core': [ '0.19.2' ],
192 silly audit   '@humanfs/node': [ '0.16.8' ],
192 silly audit   '@humanfs/types': [ '0.15.0' ],
192 silly audit   '@humanwhocodes/module-importer': [ '1.0.1' ],
192 silly audit   '@humanwhocodes/retry': [ '0.4.3' ],
192 silly audit   '@img/colour': [ '1.1.0' ],
192 silly audit   '@img/sharp-darwin-arm64': [ '0.34.5' ],
192 silly audit   '@img/sharp-darwin-x64': [ '0.34.5' ],
192 silly audit   '@img/sharp-libvips-darwin-arm64': [ '1.2.4' ],
192 silly audit   '@img/sharp-libvips-darwin-x64': [ '1.2.4' ],
192 silly audit   '@img/sharp-libvips-linux-arm': [ '1.2.4' ],
192 silly audit   '@img/sharp-libvips-linux-arm64': [ '1.2.4' ],
192 silly audit   '@img/sharp-libvips-linux-ppc64': [ '1.2.4' ],
192 silly audit   '@img/sharp-libvips-linux-riscv64': [ '1.2.4' ],
192 silly audit   '@img/sharp-libvips-linux-s390x': [ '1.2.4' ],
192 silly audit   '@img/sharp-libvips-linux-x64': [ '1.2.4' ],
192 silly audit   '@img/sharp-libvips-linuxmusl-arm64': [ '1.2.4' ],
192 silly audit   '@img/sharp-libvips-linuxmusl-x64': [ '1.2.4' ],
192 silly audit   '@img/sharp-linux-arm': [ '0.34.5' ],
192 silly audit   '@img/sharp-linux-arm64': [ '0.34.5' ],
192 silly audit   '@img/sharp-linux-ppc64': [ '0.34.5' ],
192 silly audit   '@img/sharp-linux-riscv64': [ '0.34.5' ],
192 silly audit   '@img/sharp-linux-s390x': [ '0.34.5' ],
192 silly audit   '@img/sharp-linux-x64': [ '0.34.5' ],
192 silly audit   '@img/sharp-linuxmusl-arm64': [ '0.34.5' ],
192 silly audit   '@img/sharp-linuxmusl-x64': [ '0.34.5' ],
192 silly audit   '@img/sharp-wasm32': [ '0.34.5' ],
192 silly audit   '@img/sharp-win32-arm64': [ '0.34.5' ],
192 silly audit   '@img/sharp-win32-ia32': [ '0.34.5' ],
192 silly audit   '@jridgewell/gen-mapping': [ '0.3.13' ],
192 silly audit   '@jridgewell/remapping': [ '2.3.5' ],
192 silly audit   '@jridgewell/resolve-uri': [ '3.1.2' ],
192 silly audit   '@jridgewell/sourcemap-codec': [ '1.5.5' ],
192 silly audit   '@jridgewell/trace-mapping': [ '0.3.31' ],
192 silly audit   '@napi-rs/wasm-runtime': [ '1.1.4' ],
192 silly audit   '@next/env': [ '16.2.6' ],
192 silly audit   '@next/eslint-plugin-next': [ '16.2.6' ],
192 silly audit   '@next/swc-darwin-arm64': [ '16.2.6' ],
192 silly audit   '@next/swc-darwin-x64': [ '16.2.6' ],
192 silly audit   '@next/swc-linux-arm64-gnu': [ '16.2.6' ],
192 silly audit   '@next/swc-linux-arm64-musl': [ '16.2.6' ],
192 silly audit   '@next/swc-linux-x64-gnu': [ '16.2.6' ],
192 silly audit   '@next/swc-linux-x64-musl': [ '16.2.6' ],
192 silly audit   '@next/swc-win32-arm64-msvc': [ '16.2.6' ],
192 silly audit   '@noble/ciphers': [ '2.2.0' ],
192 silly audit   '@noble/hashes': [ '2.2.0' ],
192 silly audit   '@nodelib/fs.scandir': [ '2.1.5' ],
192 silly audit   '@nodelib/fs.stat': [ '2.0.5' ],
192 silly audit   '@nodelib/fs.walk': [ '1.2.8' ],
192 silly audit   '@nolyfill/is-core-module': [ '1.0.39' ],
192 silly audit   '@opentelemetry/semantic-conventions': [ '1.41.1' ],
192 silly audit   '@prisma/client': [ '5.22.0' ],
192 silly audit   '@prisma/debug': [ '5.22.0' ],
192 silly audit   '@prisma/engines': [ '5.22.0' ],
192 silly audit   '@prisma/engines-version': [ '5.22.0-44.605197351a3c8bdd595af2d2a9bc3025bca48ea2' ],
192 silly audit   '@prisma/fetch-engine': [ '5.22.0' ],
192 silly audit   '@prisma/get-platform': [ '5.22.0' ],
192 silly audit   '@rtsao/scc': [ '1.1.0' ],
192 silly audit   '@standard-schema/spec': [ '1.1.0' ],
192 silly audit   '@swc/helpers': [ '0.5.15' ],
192 silly audit   '@tailwindcss/node': [ '4.3.0' ],
192 silly audit   '@tailwindcss/oxide': [ '4.3.0' ],
192 silly audit   '@tailwindcss/oxide-android-arm64': [ '4.3.0' ],
192 silly audit   '@tailwindcss/oxide-darwin-arm64': [ '4.3.0' ],
192 silly audit   '@tailwindcss/oxide-darwin-x64': [ '4.3.0' ],
192 silly audit   '@tailwindcss/oxide-freebsd-x64': [ '4.3.0' ],
192 silly audit   '@tailwindcss/oxide-linux-arm-gnueabihf': [ '4.3.0' ],
192 silly audit   '@tailwindcss/oxide-linux-arm64-gnu': [ '4.3.0' ],
192 silly audit   '@tailwindcss/oxide-linux-arm64-musl': [ '4.3.0' ],
192 silly audit   '@tailwindcss/oxide-linux-x64-gnu': [ '4.3.0' ],
192 silly audit   '@tailwindcss/oxide-linux-x64-musl': [ '4.3.0' ],
192 silly audit   '@tailwindcss/oxide-wasm32-wasi': [ '4.3.0' ],
192 silly audit   '@tailwindcss/oxide-win32-arm64-msvc': [ '4.3.0' ],
192 silly audit   '@tailwindcss/oxide-win32-x64-msvc': [ '4.3.0' ],
192 silly audit   '@tailwindcss/postcss': [ '4.3.0' ],
192 silly audit   '@tybys/wasm-util': [ '0.10.2' ],
192 silly audit   '@types/estree': [ '1.0.9' ],
192 silly audit   '@types/json-schema': [ '7.0.15' ],
192 silly audit   '@types/json5': [ '0.0.29' ],
192 silly audit   '@types/node': [ '20.19.42' ],
192 silly audit   '@types/react': [ '19.2.17' ],
192 silly audit   '@types/react-dom': [ '19.2.3' ],
192 silly audit   '@typescript-eslint/eslint-plugin': [ '8.60.1' ],
192 silly audit   ignore: [ '7.0.5', '5.3.2' ],
192 silly audit   '@typescript-eslint/parser': [ '8.60.1' ],
192 silly audit   '@typescript-eslint/project-service': [ '8.60.1' ],
192 silly audit   '@typescript-eslint/scope-manager': [ '8.60.1' ],
192 silly audit   '@typescript-eslint/tsconfig-utils': [ '8.60.1' ],
192 silly audit   '@typescript-eslint/type-utils': [ '8.60.1' ],
192 silly audit   '@typescript-eslint/types': [ '8.60.1' ],
192 silly audit   '@typescript-eslint/typescript-estree': [ '8.60.1' ],
192 silly audit   'balanced-match': [ '4.0.4', '1.0.2' ],
192 silly audit   'brace-expansion': [ '5.0.6', '1.1.15' ],
192 silly audit   minimatch: [ '10.2.5', '3.1.5' ],
192 silly audit   semver: [ '7.8.2', '6.3.1' ],
192 silly audit   '@typescript-eslint/utils': [ '8.60.1' ],
192 silly audit   '@typescript-eslint/visitor-keys': [ '8.60.1' ],
192 silly audit   '@unrs/resolver-binding-android-arm-eabi': [ '1.12.2' ],
192 silly audit   '@unrs/resolver-binding-android-arm64': [ '1.12.2' ],
192 silly audit   '@unrs/resolver-binding-darwin-arm64': [ '1.12.2' ],
192 silly audit   '@unrs/resolver-binding-darwin-x64': [ '1.12.2' ],
192 silly audit   '@unrs/resolver-binding-freebsd-x64': [ '1.12.2' ],
192 silly audit   '@unrs/resolver-binding-linux-arm-gnueabihf': [ '1.12.2' ],
192 silly audit   '@unrs/resolver-binding-linux-arm-musleabihf': [ '1.12.2' ],
192 silly audit   '@unrs/resolver-binding-linux-arm64-gnu': [ '1.12.2' ],
192 silly audit   '@unrs/resolver-binding-linux-arm64-musl': [ '1.12.2' ],
192 silly audit   '@unrs/resolver-binding-linux-loong64-gnu': [ '1.12.2' ],
192 silly audit   '@unrs/resolver-binding-linux-loong64-musl': [ '1.12.2' ],
192 silly audit   '@unrs/resolver-binding-linux-ppc64-gnu': [ '1.12.2' ],
192 silly audit   '@unrs/resolver-binding-linux-riscv64-gnu': [ '1.12.2' ],
192 silly audit   '@unrs/resolver-binding-linux-riscv64-musl': [ '1.12.2' ],
192 silly audit   '@unrs/resolver-binding-linux-s390x-gnu': [ '1.12.2' ],
192 silly audit   '@unrs/resolver-binding-linux-x64-gnu': [ '1.12.2' ],
192 silly audit   '@unrs/resolver-binding-linux-x64-musl': [ '1.12.2' ],
192 silly audit   '@unrs/resolver-binding-openharmony-arm64': [ '1.12.2' ],
192 silly audit   '@unrs/resolver-binding-wasm32-wasi': [ '1.12.2' ],
192 silly audit   '@unrs/resolver-binding-win32-arm64-msvc': [ '1.12.2' ],
192 silly audit   '@unrs/resolver-binding-win32-ia32-msvc': [ '1.12.2' ],
192 silly audit   '@unrs/resolver-binding-win32-x64-msvc': [ '1.12.2' ],
192 silly audit   acorn: [ '8.16.0' ],
192 silly audit   'acorn-jsx': [ '5.3.2' ],
192 silly audit   ajv: [ '6.15.0' ],
192 silly audit   'ansi-styles': [ '4.3.0' ],
192 silly audit   argparse: [ '2.0.1' ],
192 silly audit   'aria-query': [ '5.3.2' ],
192 silly audit   'array-buffer-byte-length': [ '1.0.2' ],
192 silly audit   'array-includes': [ '3.1.9' ],
192 silly audit   'array.prototype.findlast': [ '1.2.5' ],
192 silly audit   'array.prototype.findlastindex': [ '1.2.6' ],
192 silly audit   'array.prototype.flat': [ '1.3.3' ],
192 silly audit   'array.prototype.flatmap': [ '1.3.3' ],
192 silly audit   'array.prototype.tosorted': [ '1.1.4' ],
192 silly audit   'arraybuffer.prototype.slice': [ '1.0.4' ],
192 silly audit   'ast-types-flow': [ '0.0.8' ],
192 silly audit   'async-function': [ '1.0.0' ],
192 silly audit   'available-typed-arrays': [ '1.0.7' ],
192 silly audit   'axe-core': [ '4.12.0' ],
192 silly audit   'axobject-query': [ '4.1.0' ],
192 silly audit   'baseline-browser-mapping': [ '2.10.34' ],
192 silly audit   bcrypt: [ '6.0.0' ],
192 silly audit   'better-auth': [ '1.6.14' ],
192 silly audit   '@better-auth/kysely-adapter': [ '1.6.14' ],
192 silly audit   kysely: [ '0.28.8' ],
192 silly audit   'better-call': [ '1.3.5' ],
192 silly audit   braces: [ '3.0.3' ],
192 silly audit   browserslist: [ '4.28.2' ],
192 silly audit   'call-bind': [ '1.0.9' ],
192 silly audit   'call-bind-apply-helpers': [ '1.0.2' ],
192 silly audit   'call-bound': [ '1.0.4' ],
192 silly audit   callsites: [ '3.1.0' ],
192 silly audit   'caniuse-lite': [ '1.0.30001797' ],
192 silly audit   chalk: [ '4.1.2' ],
192 silly audit   'client-only': [ '0.0.1' ],
192 silly audit   'color-convert': [ '2.0.1' ],
192 silly audit   'color-name': [ '1.1.4' ],
192 silly audit   'concat-map': [ '0.0.1' ],
192 silly audit   'convert-source-map': [ '2.0.0' ],
192 silly audit   'cross-spawn': [ '7.0.6' ],
192 silly audit   csstype: [ '3.2.3' ],
192 silly audit   'damerau-levenshtein': [ '1.0.8' ],
192 silly audit   'data-view-buffer': [ '1.0.2' ],
192 silly audit   'data-view-byte-length': [ '1.0.2' ],
192 silly audit   'data-view-byte-offset': [ '1.0.1' ],
192 silly audit   debug: [ '4.4.3', '3.2.7' ],
192 silly audit   'deep-is': [ '0.1.4' ],
192 silly audit   'define-data-property': [ '1.1.4' ],
192 silly audit   'define-properties': [ '1.2.1' ],
192 silly audit   defu: [ '6.1.7' ],
192 silly audit   'detect-libc': [ '2.1.2' ],
192 silly audit   doctrine: [ '2.1.0' ],
192 silly audit   'dunder-proto': [ '1.0.1' ],
192 silly audit   'electron-to-chromium': [ '1.5.368' ],
192 silly audit   'emoji-regex': [ '9.2.2' ],
192 silly audit   'enhanced-resolve': [ '5.23.0' ],
192 silly audit   'es-abstract': [ '1.24.2' ],
192 silly audit   'es-define-property': [ '1.0.1' ],
192 silly audit   'es-errors': [ '1.3.0' ],
192 silly audit   'es-iterator-helpers': [ '1.3.2' ],
192 silly audit   'es-object-atoms': [ '1.1.2' ],
192 silly audit   'es-set-tostringtag': [ '2.1.0' ],
192 silly audit   'es-shim-unscopables': [ '1.1.0' ],
192 silly audit   'es-to-primitive': [ '1.3.0' ],
192 silly audit   escalade: [ '3.2.0' ],
192 silly audit   'escape-string-regexp': [ '4.0.0' ],
192 silly audit   eslint: [ '9.39.4' ],
192 silly audit   'eslint-config-next': [ '16.2.6' ],
192 silly audit   globals: [ '16.4.0', '14.0.0' ],
192 silly audit   'eslint-import-resolver-node': [ '0.3.10' ],
192 silly audit   'eslint-import-resolver-typescript': [ '3.10.1' ],
192 silly audit   'eslint-module-utils': [ '2.13.0' ],
192 silly audit   'eslint-plugin-import': [ '2.32.0' ],
192 silly audit   'eslint-plugin-jsx-a11y': [ '6.10.2' ],
192 silly audit   'eslint-plugin-react': [ '7.37.5' ],
192 silly audit   'eslint-plugin-react-hooks': [ '7.1.1' ],
192 silly audit   'eslint-scope': [ '8.4.0' ],
192 silly audit   espree: [ '10.4.0' ],
192 silly audit   esquery: [ '1.7.0' ],
192 silly audit   esrecurse: [ '4.3.0' ],
192 silly audit   estraverse: [ '5.3.0' ],
192 silly audit   esutils: [ '2.0.3' ],
192 silly audit   'fast-deep-equal': [ '3.1.3' ],
192 silly audit   'fast-glob': [ '3.3.1' ],
192 silly audit   'glob-parent': [ '5.1.2', '6.0.2' ],
192 silly audit   'fast-json-stable-stringify': [ '2.1.0' ],
192 silly audit   'fast-levenshtein': [ '2.0.6' ],
192 silly audit   fastq: [ '1.20.1' ],
192 silly audit   'file-entry-cache': [ '8.0.0' ],
192 silly audit   'fill-range': [ '7.1.1' ],
192 silly audit   'find-up': [ '5.0.0' ],
192 silly audit   'flat-cache': [ '4.0.1' ],
192 silly audit   flatted: [ '3.4.2' ],
192 silly audit   'for-each': [ '0.3.5' ],
192 silly audit   fsevents: [ '2.3.3' ],
192 silly audit   'function-bind': [ '1.1.2' ],
192 silly audit   'function.prototype.name': [ '1.1.8' ],
192 silly audit   'functions-have-names': [ '1.2.3' ],
192 silly audit   'generator-function': [ '2.0.1' ],
192 silly audit   gensync: [ '1.0.0-beta.2' ],
192 silly audit   'get-intrinsic': [ '1.3.0' ],
192 silly audit   'get-proto': [ '1.0.1' ],
192 silly audit   'get-symbol-description': [ '1.1.0' ],
192 silly audit   'get-tsconfig': [ '4.14.0' ],
192 silly audit   globalthis: [ '1.0.4' ],
192 silly audit   gopd: [ '1.2.0' ],
192 silly audit   'graceful-fs': [ '4.2.11' ],
192 silly audit   gsap: [ '3.15.0' ],
192 silly audit   'has-bigints': [ '1.1.0' ],
192 silly audit   'has-flag': [ '4.0.0' ],
192 silly audit   'has-property-descriptors': [ '1.0.2' ],
192 silly audit   'has-proto': [ '1.2.0' ],
192 silly audit   'has-symbols': [ '1.1.0' ],
192 silly audit   'has-tostringtag': [ '1.0.2' ],
192 silly audit   hasown: [ '2.0.4' ],
192 silly audit   'hermes-estree': [ '0.25.1' ],
192 silly audit   'hermes-parser': [ '0.25.1' ],
192 silly audit   'import-fresh': [ '3.3.1' ],
192 silly audit   imurmurhash: [ '0.1.4' ],
192 silly audit   'internal-slot': [ '1.1.0' ],
192 silly audit   'is-array-buffer': [ '3.0.5' ],
192 silly audit   'is-async-function': [ '2.1.1' ],
192 silly audit   'is-bigint': [ '1.1.0' ],
192 silly audit   'is-boolean-object': [ '1.2.2' ],
192 silly audit   'is-bun-module': [ '2.0.0' ],
192 silly audit   'is-callable': [ '1.2.7' ],
192 silly audit   'is-core-module': [ '2.16.2' ],
192 silly audit   'is-data-view': [ '1.0.2' ],
192 silly audit   'is-date-object': [ '1.1.0' ],
192 silly audit   'is-extglob': [ '2.1.1' ],
192 silly audit   'is-finalizationregistry': [ '1.1.1' ],
192 silly audit   'is-generator-function': [ '1.1.2' ],
192 silly audit   'is-glob': [ '4.0.3' ],
192 silly audit   'is-map': [ '2.0.3' ],
192 silly audit   'is-negative-zero': [ '2.0.3' ],
192 silly audit   'is-number': [ '7.0.0' ],
192 silly audit   'is-number-object': [ '1.1.1' ],
192 silly audit   'is-regex': [ '1.2.1' ],
192 silly audit   'is-set': [ '2.0.3' ],
192 silly audit   'is-shared-array-buffer': [ '1.0.4' ],
192 silly audit   'is-string': [ '1.1.1' ],
192 silly audit   'is-symbol': [ '1.1.1' ],
192 silly audit   'is-typed-array': [ '1.1.15' ],
192 silly audit   'is-weakmap': [ '2.0.2' ],
192 silly audit   'is-weakref': [ '1.1.1' ],
192 silly audit   'is-weakset': [ '2.0.4' ],
192 silly audit   isarray: [ '2.0.5' ],
192 silly audit   isexe: [ '2.0.0' ],
192 silly audit   'iterator.prototype': [ '1.1.5' ],
192 silly audit   jiti: [ '2.7.0' ],
192 silly audit   jose: [ '6.2.3' ],
192 silly audit   'js-tokens': [ '4.0.0' ],
192 silly audit   'js-yaml': [ '4.2.0' ],
192 silly audit   jsesc: [ '3.1.0' ],
192 silly audit   'json-buffer': [ '3.0.1' ],
192 silly audit   'json-schema-traverse': [ '0.4.1' ],
192 silly audit   'json-stable-stringify-without-jsonify': [ '1.0.1' ],
192 silly audit   json5: [ '2.2.3', '1.0.2' ],
192 silly audit   'jsx-ast-utils': [ '3.3.5' ],
192 silly audit   keyv: [ '4.5.4' ],
192 silly audit   'language-subtag-registry': [ '0.3.23' ],
192 silly audit   'language-tags': [ '1.0.9' ],
192 silly audit   levn: [ '0.4.1' ],
192 silly audit   lightningcss: [ '1.32.0' ],
192 silly audit   'lightningcss-android-arm64': [ '1.32.0' ],
192 silly audit   'lightningcss-darwin-arm64': [ '1.32.0' ],
192 silly audit   'lightningcss-darwin-x64': [ '1.32.0' ],
192 silly audit   'lightningcss-freebsd-x64': [ '1.32.0' ],
192 silly audit   'lightningcss-linux-arm-gnueabihf': [ '1.32.0' ],
192 silly audit   'lightningcss-linux-arm64-gnu': [ '1.32.0' ],
192 silly audit   'lightningcss-linux-arm64-musl': [ '1.32.0' ],
192 silly audit   'lightningcss-linux-x64-gnu': [ '1.32.0' ],
192 silly audit   'lightningcss-linux-x64-musl': [ '1.32.0' ],
192 silly audit   'lightningcss-win32-arm64-msvc': [ '1.32.0' ],
192 silly audit   'lightningcss-win32-x64-msvc': [ '1.32.0' ],
192 silly audit   'locate-path': [ '6.0.0' ],
192 silly audit   'lodash.merge': [ '4.6.2' ],
192 silly audit   'loose-envify': [ '1.4.0' ],
192 silly audit   'lru-cache': [ '5.1.1' ],
192 silly audit   'magic-string': [ '0.30.21' ],
192 silly audit   'math-intrinsics': [ '1.1.0' ],
192 silly audit   merge2: [ '1.4.1' ],
192 silly audit   micromatch: [ '4.0.8' ],
192 silly audit   minimist: [ '1.2.8' ],
192 silly audit   ms: [ '2.1.3' ],
192 silly audit   nanoid: [ '3.3.12' ],
192 silly audit   nanostores: [ '1.3.0' ],
192 silly audit   'napi-postinstall': [ '0.3.4' ],
192 silly audit   'natural-compare': [ '1.4.0' ],
192 silly audit   next: [ '16.2.6' ],
192 silly audit   postcss: [ '8.4.31', '8.5.15' ],
192 silly audit   'node-addon-api': [ '8.8.0' ],
192 silly audit   'node-exports-info': [ '1.6.0' ],
192 silly audit   'node-gyp-build': [ '4.8.4' ],
192 silly audit   'node-releases': [ '2.0.47' ],
192 silly audit   'object-assign': [ '4.1.1' ],
192 silly audit   'object-inspect': [ '1.13.4' ],
192 silly audit   'object-keys': [ '1.1.1' ],
192 silly audit   'object.assign': [ '4.1.7' ],
192 silly audit   'object.entries': [ '1.1.9' ],
192 silly audit   'object.fromentries': [ '2.0.8' ],
192 silly audit   'object.groupby': [ '1.0.3' ],
192 silly audit   'object.values': [ '1.2.1' ],
192 silly audit   optionator: [ '0.9.4' ],
192 silly audit   'own-keys': [ '1.0.1' ],
192 silly audit   'p-limit': [ '3.1.0' ],
192 silly audit   'p-locate': [ '5.0.0' ],
192 silly audit   'parent-module': [ '1.0.1' ],
192 silly audit   'path-exists': [ '4.0.0' ],
192 silly audit   'path-key': [ '3.1.1' ],
192 silly audit   'path-parse': [ '1.0.7' ],
192 silly audit   picocolors: [ '1.1.1' ],
192 silly audit   picomatch: [ '2.3.2', '4.0.4' ],
192 silly audit   'possible-typed-array-names': [ '1.1.0' ],
192 silly audit   'prelude-ls': [ '1.2.1' ],
192 silly audit   prisma: [ '5.22.0' ],
192 silly audit   'prop-types': [ '15.8.1' ],
192 silly audit   punycode: [ '2.3.1' ],
192 silly audit   'queue-microtask': [ '1.2.3' ],
192 silly audit   react: [ '19.2.4' ],
192 silly audit   'react-dom': [ '19.2.4' ],
192 silly audit   'react-icons': [ '5.6.0' ],
192 silly audit   'react-is': [ '16.13.1' ],
192 silly audit   'reflect.getprototypeof': [ '1.0.10' ],
192 silly audit   'regexp.prototype.flags': [ '1.5.4' ],
192 silly audit   resolve: [ '2.0.0-next.7' ],
192 silly audit   'resolve-from': [ '4.0.0' ],
192 silly audit   'resolve-pkg-maps': [ '1.0.0' ],
192 silly audit   reusify: [ '1.1.0' ],
192 silly audit   rou3: [ '0.7.12' ],
192 silly audit   'run-parallel': [ '1.2.0' ],
192 silly audit   'safe-array-concat': [ '1.1.4' ],
192 silly audit   'safe-push-apply': [ '1.0.0' ],
192 silly audit   'safe-regex-test': [ '1.1.0' ],
192 silly audit   scheduler: [ '0.27.0' ],
192 silly audit   'set-cookie-parser': [ '3.1.0' ],
192 silly audit   'set-function-length': [ '1.2.2' ],
192 silly audit   'set-function-name': [ '2.0.2' ],
192 silly audit   'set-proto': [ '1.0.0' ],
192 silly audit   sharp: [ '0.34.5' ],
192 silly audit   '@img/sharp-win32-x64': [ '0.34.5' ],
192 silly audit   'shebang-command': [ '2.0.0' ],
192 silly audit   'shebang-regex': [ '3.0.0' ],
192 silly audit   'side-channel': [ '1.1.0' ],
192 silly audit   'side-channel-list': [ '1.0.1' ],
192 silly audit   'side-channel-map': [ '1.0.1' ],
192 silly audit   'side-channel-weakmap': [ '1.0.2' ],
192 silly audit   'source-map-js': [ '1.2.1' ],
192 silly audit   'stable-hash': [ '0.0.5' ],
192 silly audit   'stop-iteration-iterator': [ '1.1.0' ],
192 silly audit   'string.prototype.includes': [ '2.0.1' ],
192 silly audit   'string.prototype.matchall': [ '4.0.12' ],
192 silly audit   'string.prototype.repeat': [ '1.0.0' ],
192 silly audit   'string.prototype.trim': [ '1.2.11' ],
192 silly audit   'string.prototype.trimend': [ '1.0.10' ],
192 silly audit   'string.prototype.trimstart': [ '1.0.8' ],
192 silly audit   'strip-bom': [ '3.0.0' ],
192 silly audit   'strip-json-comments': [ '3.1.1' ],
192 silly audit   'styled-jsx': [ '5.1.6' ],
192 silly audit   'supports-color': [ '7.2.0' ],
192 silly audit   'supports-preserve-symlinks-flag': [ '1.0.0' ],
192 silly audit   tailwindcss: [ '4.3.0' ],
192 silly audit   tapable: [ '2.3.3' ],
192 silly audit   tinyglobby: [ '0.2.17' ],
192 silly audit   fdir: [ '6.5.0' ],
192 silly audit   'to-regex-range': [ '5.0.1' ],
192 silly audit   'ts-api-utils': [ '2.5.0' ],
192 silly audit   'tsconfig-paths': [ '3.15.0' ],
192 silly audit   tslib: [ '2.8.1' ],
192 silly audit   'type-check': [ '0.4.0' ],
192 silly audit   'typed-array-buffer': [ '1.0.3' ],
192 silly audit   'typed-array-byte-length': [ '1.0.3' ],
192 silly audit   'typed-array-byte-offset': [ '1.0.4' ],
192 silly audit   'typed-array-length': [ '1.0.8' ],
192 silly audit   typescript: [ '5.9.3' ],
192 silly audit   'typescript-eslint': [ '8.60.1' ],
192 silly audit   'unbox-primitive': [ '1.1.0' ],
192 silly audit   'undici-types': [ '6.21.0' ],
192 silly audit   'unrs-resolver': [ '1.12.2' ],
192 silly audit   'update-browserslist-db': [ '1.2.3' ],
192 silly audit   'uri-js': [ '4.4.1' ],
192 silly audit   which: [ '2.0.2' ],
192 silly audit   'which-boxed-primitive': [ '1.1.1' ],
192 silly audit   'which-builtin-type': [ '1.2.1' ],
192 silly audit   'which-collection': [ '1.0.2' ],
192 silly audit   'which-typed-array': [ '1.1.22' ],
192 silly audit   'word-wrap': [ '1.2.5' ],
192 silly audit   yallist: [ '3.1.1' ],
192 silly audit   'yocto-queue': [ '0.1.0' ],
192 silly audit   zod: [ '4.4.3' ],
192 silly audit   'zod-validation-error': [ '4.0.2' ],
192 silly audit   '@next/swc-win32-x64-msvc': [ '16.2.6' ]
192 silly audit }
193 http cache @next/swc-win32-x64-msvc@https://registry.npmjs.org/@next/swc-win32-x64-msvc/-/swc-win32-x64-msvc-16.2.6.tgz 0ms (cache hit)
194 silly tarball no local data for @next/swc-win32-x64-msvc@https://registry.npmjs.org/@next/swc-win32-x64-msvc/-/swc-win32-x64-msvc-16.2.6.tgz. Extracting by manifest.
195 http fetch POST 200 https://registry.npmjs.org/-/npm/v1/security/advisories/bulk 397ms
196 silly audit report {
196 silly audit report   kysely: [
196 silly audit report     {
196 silly audit report       id: 1117986,
196 silly audit report       url: 'https://github.com/advisories/GHSA-pv5w-4p9q-p3v2',
196 silly audit report       title: 'Kysely: JSON-path traversal injection via unsanitized path-leg metacharacters in `JSONPathBuilder.key()` / `.at()`',
196 silly audit report       severity: 'high',
196 silly audit report       vulnerable_versions: '>=0.26.0 <0.28.17',
196 silly audit report       cwe: [Array],
196 silly audit report       cvss: [Object]
196 silly audit report     },
196 silly audit report     {
196 silly audit report       id: 1115131,
196 silly audit report       url: 'https://github.com/advisories/GHSA-wmrf-hv6w-mr66',
196 silly audit report       title: 'SQL Injection via unsanitized JSON path keys when ignoring/silencing compilation errors or using `Kysely<any>`.',
196 silly audit report       severity: 'high',
196 silly audit report       vulnerable_versions: '>=0.26.0 <=0.28.11',
196 silly audit report       cwe: [Array],
196 silly audit report       cvss: [Object]
196 silly audit report     },
196 silly audit report     {
196 silly audit report       id: 1115531,
196 silly audit report       url: 'https://github.com/advisories/GHSA-8cpq-38p9-67gx',
196 silly audit report       title: 'Kysely has a MySQL SQL Injection via Insufficient Backslash Escaping in `sql.lit(string)` usage or similar methods that append string literal values into the compiled SQL strings',
196 silly audit report       severity: 'high',
196 silly audit report       vulnerable_versions: '<=0.28.13',
196 silly audit report       cwe: [Array],
196 silly audit report       cvss: [Object]
196 silly audit report     }
196 silly audit report   ],
196 silly audit report   postcss: [
196 silly audit report     {
196 silly audit report       id: 1117015,
196 silly audit report       url: 'https://github.com/advisories/GHSA-qx2v-qp2m-jg93',
196 silly audit report       title: 'PostCSS has XSS via Unescaped </style> in its CSS Stringify Output',
196 silly audit report       severity: 'moderate',
196 silly audit report       vulnerable_versions: '<8.5.10',
196 silly audit report       cwe: [Array],
196 silly audit report       cvss: [Object]
196 silly audit report     }
196 silly audit report   ]
196 silly audit report }
197 silly packumentCache corgi:https://registry.npmjs.org/kysely cache-miss
198 silly packumentCache corgi:https://registry.npmjs.org/postcss cache-miss
199 http cache https://registry.npmjs.org/postcss 41ms (cache hit)
200 silly packumentCache corgi:https://registry.npmjs.org/postcss set size:344717 disposed:false
201 http cache https://registry.npmjs.org/kysely 52ms (cache hit)
202 silly packumentCache corgi:https://registry.npmjs.org/kysely set size:283301 disposed:false
203 silly packumentCache corgi:https://registry.npmjs.org/@better-auth%2fcore cache-miss
204 silly packumentCache corgi:https://registry.npmjs.org/better-auth cache-miss
205 silly packumentCache corgi:https://registry.npmjs.org/@better-auth%2fkysely-adapter cache-miss
206 http cache https://registry.npmjs.org/@better-auth%2fcore 17ms (cache hit)
207 silly packumentCache corgi:https://registry.npmjs.org/@better-auth%2fcore set size:152995 disposed:false
208 http cache https://registry.npmjs.org/@better-auth%2fkysely-adapter 22ms (cache hit)
209 silly packumentCache corgi:https://registry.npmjs.org/@better-auth%2fkysely-adapter set size:45429 disposed:false
210 http cache https://registry.npmjs.org/better-auth 44ms (cache hit)
211 silly packumentCache corgi:https://registry.npmjs.org/better-auth set size:1580596 disposed:false
212 silly packumentCache corgi:https://registry.npmjs.org/next cache-miss
213 http cache https://registry.npmjs.org/next 110ms (cache hit)
214 silly packumentCache corgi:https://registry.npmjs.org/next set size:25161975 disposed:false
215 silly packumentCache corgi:https://registry.npmjs.org/@better-auth%2fdrizzle-adapter cache-miss
216 silly packumentCache corgi:https://registry.npmjs.org/@better-auth%2fmemory-adapter cache-miss
217 silly packumentCache corgi:https://registry.npmjs.org/@better-auth%2fmongo-adapter cache-miss
218 silly packumentCache corgi:https://registry.npmjs.org/@better-auth%2fprisma-adapter cache-miss
219 silly packumentCache corgi:https://registry.npmjs.org/@better-auth%2ftelemetry cache-miss
220 http cache https://registry.npmjs.org/@better-auth%2fdrizzle-adapter 150ms (cache hit)
221 silly packumentCache corgi:https://registry.npmjs.org/@better-auth%2fdrizzle-adapter set size:44335 disposed:false
222 http cache https://registry.npmjs.org/@better-auth%2fmemory-adapter 152ms (cache hit)
223 silly packumentCache corgi:https://registry.npmjs.org/@better-auth%2fmemory-adapter set size:40695 disposed:false
224 http cache https://registry.npmjs.org/@better-auth%2fmongo-adapter 153ms (cache hit)
225 silly packumentCache corgi:https://registry.npmjs.org/@better-auth%2fmongo-adapter set size:43805 disposed:false
226 http cache https://registry.npmjs.org/@better-auth%2fprisma-adapter 154ms (cache hit)
227 silly packumentCache corgi:https://registry.npmjs.org/@better-auth%2fprisma-adapter set size:47565 disposed:false
228 http cache https://registry.npmjs.org/@better-auth%2ftelemetry 156ms (cache hit)
229 silly packumentCache corgi:https://registry.npmjs.org/@better-auth%2ftelemetry set size:111421 disposed:false
230 http fetch GET 200 https://registry.npmjs.org/@next/swc-win32-x64-msvc/-/swc-win32-x64-msvc-16.2.6.tgz 11869ms (cache miss)
231 silly ADD node_modules/@next/swc-win32-x64-msvc
232 silly REMOVE node_modules/better-auth/node_modules/kysely
233 verbose cwd D:\Desktop\resumae-analyser
234 verbose os Windows_NT 10.0.19045
235 verbose node v24.14.0
236 verbose npm  v11.9.0
237 verbose exit 0
238 info ok
